<?xml version="1.0" encoding="UTF-8"?>
<!-- Generated by org.testng.reporters.JUnitXMLReporter -->
<testsuite ignored="0" hostname="DESKTOP-30H98LO" failures="2" tests="2" name="Default test" time="97.3" errors="0" timestamp="31 Mar 2024 08:13:02 GMT">
  <testcase classname="io.cucumber.testng.AbstractTestNGCucumberTests" name="runScenario" time="69.366">
    <failure type="java.lang.NullPointerException" message="Cannot invoke &amp;quot;org.openqa.selenium.remote.RemoteWebDriver.manage()&amp;quot; because &amp;quot;com.stepdefinitions.CustomeHooks.driver&amp;quot; is null">
      <![CDATA[java.lang.NullPointerException: Cannot invoke "org.openqa.selenium.remote.RemoteWebDriver.manage()" because "com.stepdefinitions.CustomeHooks.driver" is null
at com.stepdefinitions.CustomeHooks.implicitlyWait(CustomeHooks.java:30)
at com.stepdefinitions.GmailTestCases.enterUserId(GmailTestCases.java:32)
at ✽.Enter User Email ID(file:src/test/resources/Features/Gmail.feature:7)
]]>
    </failure>
  </testcase> <!-- runScenario -->
  <testcase classname="io.cucumber.testng.AbstractTestNGCucumberTests" name="runScenario" time="25.063">
    <failure type="java.lang.NullPointerException" message="Cannot invoke &amp;quot;org.openqa.selenium.WebElement.click()&amp;quot; because &amp;quot;this.clickOnCompose&amp;quot; is null">
      <![CDATA[java.lang.NullPointerException: Cannot invoke "org.openqa.selenium.WebElement.click()" because "this.clickOnCompose" is null
at com.pageobject.HomePage.clickOnComposeButton(HomePage.java:52)
at com.stepdefinitions.GmailTestCases.loginAmazonAccount(GmailTestCases.java:48)
at ✽.Click on Compose(file:src/test/resources/Features/Gmail.feature:14)
]]>
    </failure>
  </testcase> <!-- runScenario -->
</testsuite> <!-- Default test -->
